<?xml version="1.0" encoding="UTF-8"?>
<!-- Generated by org.testng.reporters.JUnitXMLReporter -->
<testsuite ignored="2" hostname="DESKTOP-RMQ76E2" failures="0" tests="1" name="Test" time="77.538" errors="0" timestamp="2019-08-17T20:53:00 IST">
  <testcase classname="letmecalltest.AbhirestaurantTest" name="loginTest" time="77.478"/>
  <testcase classname="letmecalltest.AbhirestaurantTest" name="abhiRestaurentJawarRoti" time="0.0">
    <ignored/>
  </testcase> <!-- abhiRestaurentJawarRoti -->
  <testcase classname="letmecalltest.AbhirestaurantTest" name="addressDetails" time="0.0">
    <ignored/>
  </testcase> <!-- addressDetails -->
</testsuite> <!-- Test -->
