<?xml version="1.0" encoding="UTF-8"?>
<testng-results ignored="2" total="3" passed="1" failed="0" skipped="0">
  <reporter-output>
  </reporter-output>
  <suite started-at="2019-08-17T20:51:42 IST" name="Suite" finished-at="2019-08-17T20:53:00 IST" duration-ms="77538">
    <groups>
      <group name="samba">
        <method signature="AbhirestaurantTest.loginTest()[pri:0, instance:letmecalltest.AbhirestaurantTest@60dcc9fe]" name="loginTest" class="letmecalltest.AbhirestaurantTest"/>
      </group> <!-- samba -->
    </groups>
    <test started-at="2019-08-17T20:51:42 IST" name="Test" finished-at="2019-08-17T20:53:00 IST" duration-ms="77538">
      <class name="letmecalltest.AbhirestaurantTest">
        <test-method signature="loginTest()[pri:0, instance:letmecalltest.AbhirestaurantTest@60dcc9fe]" started-at="2019-08-17T20:51:42 IST" name="loginTest" finished-at="2019-08-17T20:53:00 IST" duration-ms="77478" status="PASS">
          <reporter-output>
          </reporter-output>
        </test-method> <!-- loginTest -->
      </class> <!-- letmecalltest.AbhirestaurantTest -->
    </test> <!-- Test -->
  </suite> <!-- Suite -->
</testng-results>
